<?xml version="1.0" encoding="UTF-8"?>
<!-- Generated by org.testng.reporters.JUnitReportReporter -->
<testsuite hostname="DESKTOP-HEFQF11" failures="0" tests="2" name="Tests.GoogleSearch_Test" time="3.211" errors="0" timestamp="07 Jun 2022 09:44:13 GMT" skipped="0">
  <testcase classname="Tests.GoogleSearch_Test" name="UserCanSearchSuccessfully" time="1.702"/>
  <testcase classname="Tests.GoogleSearch_Test" name="UserCanOpenSeleniumSite" time="1.509"/>
</testsuite> <!-- Tests.GoogleSearch_Test -->
