<?xml version="1.0" encoding="UTF-8"?>
<!-- Generated by org.testng.reporters.JUnitReportReporter -->
<testsuite hostname="DESKTOP-HEFQF11" failures="0" tests="1" name="Runner.TestRunner" time="24.784" errors="0" timestamp="07 Jun 2022 11:07:09 GMT" skipped="0">
  <testcase classname="Runner.TestRunner" name="runScenario" time="24.784"/>
</testsuite> <!-- Runner.TestRunner -->
